> Task :compileJava
> Task :processResources UP-TO-DATE
> Task :classes
> Task :resolveMainClassName

> Task :bootRun

  .   ____          _            __ _ _
 /\\ / ___'_ __ _ _(_)_ __  __ _ \ \ \ \
( ( )\___ | '_ | '_| | '_ \/ _` | \ \ \ \
 \\/  ___)| |_)| | | | | || (_| |  ) ) ) )
  '  |____| .__|_| |_|_| |_\__, | / / / /
 =========|_|==============|___/=/_/_/_/

[32m :: Spring Boot :: [39m              [2m (v3.5.4)[0;39m

[2m2025-07-26T23:13:59.023+09:00[0;39m [32m INFO[0;39m [35m35873[0;39m [2m--- [practice] [           main] [0;39m[36mcom.uthon.cocotomo.PracticeApplication  [0;39m [2m:[0;39m Starting PracticeApplication using Java 21.0.7 with PID 35873 (/Users/mingyupark/Desktop/Dev/practice/build/classes/java/main started by mingyupark in /Users/mingyupark/Desktop/Dev/practice)
[2m2025-07-26T23:13:59.024+09:00[0;39m [32m INFO[0;39m [35m35873[0;39m [2m--- [practice] [           main] [0;39m[36mcom.uthon.cocotomo.PracticeApplication  [0;39m [2m:[0;39m No active profile set, falling back to 1 default profile: "default"
[2m2025-07-26T23:13:59.506+09:00[0;39m [32m INFO[0;39m [35m35873[0;39m [2m--- [practice] [           main] [0;39m[36m.s.d.r.c.RepositoryConfigurationDelegate[0;39m [2m:[0;39m Multiple Spring Data modules found, entering strict repository configuration mode
[2m2025-07-26T23:13:59.507+09:00[0;39m [32m INFO[0;39m [35m35873[0;39m [2m--- [practice] [           main] [0;39m[36m.s.d.r.c.RepositoryConfigurationDelegate[0;39m [2m:[0;39m Bootstrapping Spring Data JDBC repositories in DEFAULT mode.
[2m2025-07-26T23:13:59.525+09:00[0;39m [32m INFO[0;39m [35m35873[0;39m [2m--- [practice] [           main] [0;39m[36m.RepositoryConfigurationExtensionSupport[0;39m [2m:[0;39m Spring Data JDBC - Could not safely identify store assignment for repository candidate interface com.uthon.cocotomo.repository.ChatSessionRepository; If you want this repository to be a JDBC repository, consider annotating your entities with one of these annotations: org.springframework.data.relational.core.mapping.Table.
[2m2025-07-26T23:13:59.526+09:00[0;39m [32m INFO[0;39m [35m35873[0;39m [2m--- [practice] [           main] [0;39m[36m.RepositoryConfigurationExtensionSupport[0;39m [2m:[0;39m Spring Data JDBC - Could not safely identify store assignment for repository candidate interface com.uthon.cocotomo.repository.UserRepository; If you want this repository to be a JDBC repository, consider annotating your entities with one of these annotations: org.springframework.data.relational.core.mapping.Table.
[2m2025-07-26T23:13:59.526+09:00[0;39m [32m INFO[0;39m [35m35873[0;39m [2m--- [practice] [           main] [0;39m[36m.s.d.r.c.RepositoryConfigurationDelegate[0;39m [2m:[0;39m Finished Spring Data repository scanning in 16 ms. Found 0 JDBC repository interfaces.
[2m2025-07-26T23:13:59.530+09:00[0;39m [32m INFO[0;39m [35m35873[0;39m [2m--- [practice] [           main] [0;39m[36m.s.d.r.c.RepositoryConfigurationDelegate[0;39m [2m:[0;39m Multiple Spring Data modules found, entering strict repository configuration mode
[2m2025-07-26T23:13:59.530+09:00[0;39m [32m INFO[0;39m [35m35873[0;39m [2m--- [practice] [           main] [0;39m[36m.s.d.r.c.RepositoryConfigurationDelegate[0;39m [2m:[0;39m Bootstrapping Spring Data JPA repositories in DEFAULT mode.
[2m2025-07-26T23:13:59.584+09:00[0;39m [32m INFO[0;39m [35m35873[0;39m [2m--- [practice] [           main] [0;39m[36m.s.d.r.c.RepositoryConfigurationDelegate[0;39m [2m:[0;39m Finished Spring Data repository scanning in 52 ms. Found 2 JPA repository interfaces.
[2m2025-07-26T23:13:59.590+09:00[0;39m [32m INFO[0;39m [35m35873[0;39m [2m--- [practice] [           main] [0;39m[36m.s.d.r.c.RepositoryConfigurationDelegate[0;39m [2m:[0;39m Multiple Spring Data modules found, entering strict repository configuration mode
[2m2025-07-26T23:13:59.591+09:00[0;39m [32m INFO[0;39m [35m35873[0;39m [2m--- [practice] [           main] [0;39m[36m.s.d.r.c.RepositoryConfigurationDelegate[0;39m [2m:[0;39m Bootstrapping Spring Data Redis repositories in DEFAULT mode.
[2m2025-07-26T23:13:59.596+09:00[0;39m [32m INFO[0;39m [35m35873[0;39m [2m--- [practice] [           main] [0;39m[36m.RepositoryConfigurationExtensionSupport[0;39m [2m:[0;39m Spring Data Redis - Could not safely identify store assignment for repository candidate interface com.uthon.cocotomo.repository.ChatSessionRepository; If you want this repository to be a Redis repository, consider annotating your entities with one of these annotations: org.springframework.data.redis.core.RedisHash (preferred), or consider extending one of the following types with your repository: org.springframework.data.keyvalue.repository.KeyValueRepository
[2m2025-07-26T23:13:59.597+09:00[0;39m [32m INFO[0;39m [35m35873[0;39m [2m--- [practice] [           main] [0;39m[36m.RepositoryConfigurationExtensionSupport[0;39m [2m:[0;39m Spring Data Redis - Could not safely identify store assignment for repository candidate interface com.uthon.cocotomo.repository.UserRepository; If you want this repository to be a Redis repository, consider annotating your entities with one of these annotations: org.springframework.data.redis.core.RedisHash (preferred), or consider extending one of the following types with your repository: org.springframework.data.keyvalue.repository.KeyValueRepository
[2m2025-07-26T23:13:59.597+09:00[0;39m [32m INFO[0;39m [35m35873[0;39m [2m--- [practice] [           main] [0;39m[36m.s.d.r.c.RepositoryConfigurationDelegate[0;39m [2m:[0;39m Finished Spring Data repository scanning in 1 ms. Found 0 Redis repository interfaces.
[2m2025-07-26T23:13:59.820+09:00[0;39m [32m INFO[0;39m [35m35873[0;39m [2m--- [practice] [           main] [0;39m[36mo.s.b.w.embedded.tomcat.TomcatWebServer [0;39m [2m:[0;39m Tomcat initialized with port 8080 (http)
[2m2025-07-26T23:13:59.827+09:00[0;39m [32m INFO[0;39m [35m35873[0;39m [2m--- [practice] [           main] [0;39m[36mo.apache.catalina.core.StandardService  [0;39m [2m:[0;39m Starting service [Tomcat]
[2m2025-07-26T23:13:59.828+09:00[0;39m [32m INFO[0;39m [35m35873[0;39m [2m--- [practice] [           main] [0;39m[36mo.apache.catalina.core.StandardEngine   [0;39m [2m:[0;39m Starting Servlet engine: [Apache Tomcat/10.1.43]
[2m2025-07-26T23:13:59.853+09:00[0;39m [32m INFO[0;39m [35m35873[0;39m [2m--- [practice] [           main] [0;39m[36mo.a.c.c.C.[Tomcat].[localhost].[/]      [0;39m [2m:[0;39m Initializing Spring embedded WebApplicationContext
[2m2025-07-26T23:13:59.853+09:00[0;39m [32m INFO[0;39m [35m35873[0;39m [2m--- [practice] [           main] [0;39m[36mw.s.c.ServletWebServerApplicationContext[0;39m [2m:[0;39m Root WebApplicationContext: initialization completed in 730 ms
[2m2025-07-26T23:13:59.915+09:00[0;39m [32m INFO[0;39m [35m35873[0;39m [2m--- [practice] [           main] [0;39m[36mo.hibernate.jpa.internal.util.LogHelper [0;39m [2m:[0;39m HHH000204: Processing PersistenceUnitInfo [name: default]
[2m2025-07-26T23:13:59.938+09:00[0;39m [32m INFO[0;39m [35m35873[0;39m [2m--- [practice] [           main] [0;39m[36morg.hibernate.Version                   [0;39m [2m:[0;39m HHH000412: Hibernate ORM core version 6.6.22.Final
[2m2025-07-26T23:13:59.951+09:00[0;39m [32m INFO[0;39m [35m35873[0;39m [2m--- [practice] [           main] [0;39m[36mo.h.c.internal.RegionFactoryInitiator   [0;39m [2m:[0;39m HHH000026: Second-level cache disabled
[2m2025-07-26T23:14:00.067+09:00[0;39m [32m INFO[0;39m [35m35873[0;39m [2m--- [practice] [           main] [0;39m[36mo.s.o.j.p.SpringPersistenceUnitInfo     [0;39m [2m:[0;39m No LoadTimeWeaver setup: ignoring JPA class transformer
[2m2025-07-26T23:14:00.079+09:00[0;39m [32m INFO[0;39m [35m35873[0;39m [2m--- [practice] [           main] [0;39m[36mcom.zaxxer.hikari.HikariDataSource      [0;39m [2m:[0;39m HikariPool-1 - Starting...
[2m2025-07-26T23:14:00.148+09:00[0;39m [32m INFO[0;39m [35m35873[0;39m [2m--- [practice] [           main] [0;39m[36mcom.zaxxer.hikari.pool.HikariPool       [0;39m [2m:[0;39m HikariPool-1 - Added connection conn0: url=jdbc:h2:mem:testdb user=SA
[2m2025-07-26T23:14:00.149+09:00[0;39m [32m INFO[0;39m [35m35873[0;39m [2m--- [practice] [           main] [0;39m[36mcom.zaxxer.hikari.HikariDataSource      [0;39m [2m:[0;39m HikariPool-1 - Start completed.
[2m2025-07-26T23:14:00.160+09:00[0;39m [33m WARN[0;39m [35m35873[0;39m [2m--- [practice] [           main] [0;39m[36morg.hibernate.orm.deprecation           [0;39m [2m:[0;39m HHH90000025: H2Dialect does not need to be specified explicitly using 'hibernate.dialect' (remove the property setting and it will be selected by default)
[2m2025-07-26T23:14:00.167+09:00[0;39m [32m INFO[0;39m [35m35873[0;39m [2m--- [practice] [           main] [0;39m[36morg.hibernate.orm.connections.pooling   [0;39m [2m:[0;39m HHH10001005: Database info:
	Database JDBC URL [Connecting through datasource 'HikariDataSource (HikariPool-1)']
	Database driver: undefined/unknown
	Database version: 2.3.232
	Autocommit mode: undefined/unknown
	Isolation level: undefined/unknown
	Minimum pool size: undefined/unknown
	Maximum pool size: undefined/unknown
[2m2025-07-26T23:14:00.528+09:00[0;39m [32m INFO[0;39m [35m35873[0;39m [2m--- [practice] [           main] [0;39m[36mo.h.e.t.j.p.i.JtaPlatformInitiator      [0;39m [2m:[0;39m HHH000489: No JTA platform available (set 'hibernate.transaction.jta.platform' to enable JTA platform integration)
Hibernate: create table chat_sessions (id bigint generated by default as identity, completed_at timestamp(6), conversation_summary TEXT, created_at timestamp(6) not null, current_stage enum ('COMPLETED','DIARY_GENERATION','EMPATHY_RESPONSE','FOLLOW_UP_QUESTIONS','INITIAL_EMOTION_ANALYSIS','REFLECTION_SESSION','RITUAL_SESSION') not null, emotion_analysis TEXT, generated_diary TEXT, session_id varchar(255) not null, updated_at timestamp(6), user_id bigint, primary key (id))
Hibernate: create table users (id bigint generated by default as identity, email varchar(255) not null, email_verified boolean not null, password varchar(255) not null, role varchar(255) not null, primary key (id))
Hibernate: alter table if exists chat_sessions drop constraint if exists UKnbds8mvm10f5rs8rj2nlx98y9
Hibernate: alter table if exists chat_sessions add constraint UKnbds8mvm10f5rs8rj2nlx98y9 unique (session_id)
Hibernate: alter table if exists users drop constraint if exists UK6dotkott2kjsp8vw4d0m25fb7
Hibernate: alter table if exists users add constraint UK6dotkott2kjsp8vw4d0m25fb7 unique (email)
Hibernate: alter table if exists chat_sessions add constraint FK82ky97glaomlmhjqae1d0esmy foreign key (user_id) references users
[2m2025-07-26T23:14:00.560+09:00[0;39m [32m INFO[0;39m [35m35873[0;39m [2m--- [practice] [           main] [0;39m[36mj.LocalContainerEntityManagerFactoryBean[0;39m [2m:[0;39m Initialized JPA EntityManagerFactory for persistence unit 'default'
[2m2025-07-26T23:14:00.708+09:00[0;39m [32m INFO[0;39m [35m35873[0;39m [2m--- [practice] [           main] [0;39m[36meAuthenticationProviderManagerConfigurer[0;39m [2m:[0;39m Global AuthenticationManager configured with AuthenticationProvider bean with name authenticationProvider
[2m2025-07-26T23:14:00.709+09:00[0;39m [33m WARN[0;39m [35m35873[0;39m [2m--- [practice] [           main] [0;39m[36mr$InitializeUserDetailsManagerConfigurer[0;39m [2m:[0;39m Global AuthenticationManager configured with an AuthenticationProvider bean. UserDetailsService beans will not be used by Spring Security for automatically configuring username/password login. Consider removing the AuthenticationProvider bean. Alternatively, consider using the UserDetailsService in a manually instantiated DaoAuthenticationProvider. If the current configuration is intentional, to turn off this warning, increase the logging level of 'org.springframework.security.config.annotation.authentication.configuration.InitializeUserDetailsBeanManagerConfigurer' to ERROR
[2m2025-07-26T23:14:00.928+09:00[0;39m [33m WARN[0;39m [35m35873[0;39m [2m--- [practice] [           main] [0;39m[36mJpaBaseConfiguration$JpaWebConfiguration[0;39m [2m:[0;39m spring.jpa.open-in-view is enabled by default. Therefore, database queries may be performed during view rendering. Explicitly configure spring.jpa.open-in-view to disable this warning
[2m2025-07-26T23:14:01.053+09:00[0;39m [32m INFO[0;39m [35m35873[0;39m [2m--- [practice] [           main] [0;39m[36mo.s.v.b.OptionalValidatorFactoryBean    [0;39m [2m:[0;39m Failed to set up a Bean Validation provider: jakarta.validation.NoProviderFoundException: Unable to create a Configuration, because no Jakarta Bean Validation provider could be found. Add a provider like Hibernate Validator (RI) to your classpath.
[2m2025-07-26T23:14:01.218+09:00[0;39m [32m INFO[0;39m [35m35873[0;39m [2m--- [practice] [           main] [0;39m[36mo.s.b.w.embedded.tomcat.TomcatWebServer [0;39m [2m:[0;39m Tomcat started on port 8080 (http) with context path '/'
[2m2025-07-26T23:14:01.224+09:00[0;39m [32m INFO[0;39m [35m35873[0;39m [2m--- [practice] [           main] [0;39m[36mcom.uthon.cocotomo.PracticeApplication  [0;39m [2m:[0;39m Started PracticeApplication in 2.377 seconds (process running for 2.51)
[2m2025-07-26T23:14:10.497+09:00[0;39m [32m INFO[0;39m [35m35873[0;39m [2m--- [practice] [nio-8080-exec-1] [0;39m[36mo.a.c.c.C.[Tomcat].[localhost].[/]      [0;39m [2m:[0;39m Initializing Spring DispatcherServlet 'dispatcherServlet'
[2m2025-07-26T23:14:10.497+09:00[0;39m [32m INFO[0;39m [35m35873[0;39m [2m--- [practice] [nio-8080-exec-1] [0;39m[36mo.s.web.servlet.DispatcherServlet       [0;39m [2m:[0;39m Initializing Servlet 'dispatcherServlet'
[2m2025-07-26T23:14:10.499+09:00[0;39m [32m INFO[0;39m [35m35873[0;39m [2m--- [practice] [nio-8080-exec-1] [0;39m[36mo.s.web.servlet.DispatcherServlet       [0;39m [2m:[0;39m Completed initialization in 2 ms
Hibernate: select u1_0.id,u1_0.email,u1_0.email_verified,u1_0.password,u1_0.role from users u1_0 where u1_0.id=?
Hibernate: insert into users (email,email_verified,password,role,id) values (?,?,?,?,default)
Hibernate: insert into chat_sessions (completed_at,conversation_summary,created_at,current_stage,emotion_analysis,generated_diary,session_id,updated_at,user_id,id) values (?,?,?,?,?,?,?,?,?,default)
Hibernate: select cs1_0.id,cs1_0.completed_at,cs1_0.conversation_summary,cs1_0.created_at,cs1_0.current_stage,cs1_0.emotion_analysis,cs1_0.generated_diary,cs1_0.session_id,cs1_0.updated_at,cs1_0.user_id from chat_sessions cs1_0 where cs1_0.session_id=?
[2m2025-07-26T23:14:10.633+09:00[0;39m [32m INFO[0;39m [35m35873[0;39m [2m--- [practice] [nio-8080-exec-1] [0;39m[36mc.u.cocotomo.service.EmotionChatService [0;39m [2m:[0;39m Using Mock Chat Service
[2m2025-07-26T23:14:10.633+09:00[0;39m [32m INFO[0;39m [35m35873[0;39m [2m--- [practice] [nio-8080-exec-1] [0;39m[36mc.u.cocotomo.service.EmotionChatService [0;39m [2m:[0;39m Using Mock Chat Service
Hibernate: update chat_sessions set completed_at=?,conversation_summary=?,created_at=?,current_stage=?,emotion_analysis=?,generated_diary=?,session_id=?,updated_at=?,user_id=? where id=?
Hibernate: select cs1_0.id,cs1_0.completed_at,cs1_0.conversation_summary,cs1_0.created_at,cs1_0.current_stage,cs1_0.emotion_analysis,cs1_0.generated_diary,cs1_0.session_id,cs1_0.updated_at,cs1_0.user_id from chat_sessions cs1_0 where cs1_0.session_id=?
[2m2025-07-26T23:14:49.317+09:00[0;39m [32m INFO[0;39m [35m35873[0;39m [2m--- [practice] [nio-8080-exec-3] [0;39m[36mc.u.cocotomo.service.EmotionChatService [0;39m [2m:[0;39m Using Mock Chat Service
Hibernate: select cs1_0.id,cs1_0.completed_at,cs1_0.conversation_summary,cs1_0.created_at,cs1_0.current_stage,cs1_0.emotion_analysis,cs1_0.generated_diary,cs1_0.session_id,cs1_0.updated_at,cs1_0.user_id from chat_sessions cs1_0 where cs1_0.session_id=?
[2m2025-07-26T23:14:58.536+09:00[0;39m [32m INFO[0;39m [35m35873[0;39m [2m--- [practice] [nio-8080-exec-5] [0;39m[36mc.u.cocotomo.service.EmotionChatService [0;39m [2m:[0;39m Using Mock Chat Service
Hibernate: select cs1_0.id,cs1_0.completed_at,cs1_0.conversation_summary,cs1_0.created_at,cs1_0.current_stage,cs1_0.emotion_analysis,cs1_0.generated_diary,cs1_0.session_id,cs1_0.updated_at,cs1_0.user_id from chat_sessions cs1_0 where cs1_0.session_id=?
[2m2025-07-26T23:15:07.312+09:00[0;39m [32m INFO[0;39m [35m35873[0;39m [2m--- [practice] [nio-8080-exec-7] [0;39m[36mc.u.cocotomo.service.EmotionChatService [0;39m [2m:[0;39m Using Mock Chat Service
Hibernate: select cs1_0.id,cs1_0.completed_at,cs1_0.conversation_summary,cs1_0.created_at,cs1_0.current_stage,cs1_0.emotion_analysis,cs1_0.generated_diary,cs1_0.session_id,cs1_0.updated_at,cs1_0.user_id from chat_sessions cs1_0 where cs1_0.session_id=?
[2m2025-07-26T23:15:27.311+09:00[0;39m [32m INFO[0;39m [35m35873[0;39m [2m--- [practice] [nio-8080-exec-9] [0;39m[36mc.u.cocotomo.service.EmotionChatService [0;39m [2m:[0;39m Using Mock Chat Service
Hibernate: select cs1_0.id,cs1_0.completed_at,cs1_0.conversation_summary,cs1_0.created_at,cs1_0.current_stage,cs1_0.emotion_analysis,cs1_0.generated_diary,cs1_0.session_id,cs1_0.updated_at,cs1_0.user_id from chat_sessions cs1_0 where cs1_0.session_id=?
[2m2025-07-26T23:15:28.329+09:00[0;39m [32m INFO[0;39m [35m35873[0;39m [2m--- [practice] [nio-8080-exec-1] [0;39m[36mc.u.cocotomo.service.EmotionChatService [0;39m [2m:[0;39m Using Mock Chat Service
Hibernate: select cs1_0.id,cs1_0.completed_at,cs1_0.conversation_summary,cs1_0.created_at,cs1_0.current_stage,cs1_0.emotion_analysis,cs1_0.generated_diary,cs1_0.session_id,cs1_0.updated_at,cs1_0.user_id from chat_sessions cs1_0 where cs1_0.session_id=?
[2m2025-07-26T23:15:29.347+09:00[0;39m [32m INFO[0;39m [35m35873[0;39m [2m--- [practice] [nio-8080-exec-3] [0;39m[36mc.u.cocotomo.service.EmotionChatService [0;39m [2m:[0;39m Using Mock Chat Service
Hibernate: select cs1_0.id,cs1_0.completed_at,cs1_0.conversation_summary,cs1_0.created_at,cs1_0.current_stage,cs1_0.emotion_analysis,cs1_0.generated_diary,cs1_0.session_id,cs1_0.updated_at,cs1_0.user_id from chat_sessions cs1_0 where cs1_0.session_id=?
[2m2025-07-26T23:15:30.364+09:00[0;39m [32m INFO[0;39m [35m35873[0;39m [2m--- [practice] [nio-8080-exec-5] [0;39m[36mc.u.cocotomo.service.EmotionChatService [0;39m [2m:[0;39m Using Mock Chat Service
Hibernate: select cs1_0.id,cs1_0.completed_at,cs1_0.conversation_summary,cs1_0.created_at,cs1_0.current_stage,cs1_0.emotion_analysis,cs1_0.generated_diary,cs1_0.session_id,cs1_0.updated_at,cs1_0.user_id from chat_sessions cs1_0 where cs1_0.session_id=?
[2m2025-07-26T23:15:31.380+09:00[0;39m [32m INFO[0;39m [35m35873[0;39m [2m--- [practice] [nio-8080-exec-7] [0;39m[36mc.u.cocotomo.service.EmotionChatService [0;39m [2m:[0;39m Using Mock Chat Service
Hibernate: select cs1_0.id,cs1_0.completed_at,cs1_0.conversation_summary,cs1_0.created_at,cs1_0.current_stage,cs1_0.emotion_analysis,cs1_0.generated_diary,cs1_0.session_id,cs1_0.updated_at,cs1_0.user_id from chat_sessions cs1_0 where cs1_0.session_id=?
[2m2025-07-26T23:15:32.398+09:00[0;39m [32m INFO[0;39m [35m35873[0;39m [2m--- [practice] [nio-8080-exec-9] [0;39m[36mc.u.cocotomo.service.EmotionChatService [0;39m [2m:[0;39m Using Mock Chat Service
Hibernate: select cs1_0.id,cs1_0.completed_at,cs1_0.conversation_summary,cs1_0.created_at,cs1_0.current_stage,cs1_0.emotion_analysis,cs1_0.generated_diary,cs1_0.session_id,cs1_0.updated_at,cs1_0.user_id from chat_sessions cs1_0 where cs1_0.session_id=?
[2m2025-07-26T23:15:40.373+09:00[0;39m [32m INFO[0;39m [35m35873[0;39m [2m--- [practice] [nio-8080-exec-1] [0;39m[36mc.u.cocotomo.service.EmotionChatService [0;39m [2m:[0;39m Using Mock Chat Service
[2m2025-07-26T23:15:40.373+09:00[0;39m [32m INFO[0;39m [35m35873[0;39m [2m--- [practice] [nio-8080-exec-1] [0;39m[36mc.u.cocotomo.service.EmotionChatService [0;39m [2m:[0;39m Using Mock Chat Service
Hibernate: update chat_sessions set completed_at=?,conversation_summary=?,created_at=?,current_stage=?,emotion_analysis=?,generated_diary=?,session_id=?,updated_at=?,user_id=? where id=?
