> Task :compileJava
> Task :processResources UP-TO-DATE
> Task :classes
> Task :resolveMainClassName

> Task :bootRun

  .   ____          _            __ _ _
 /\\ / ___'_ __ _ _(_)_ __  __ _ \ \ \ \
( ( )\___ | '_ | '_| | '_ \/ _` | \ \ \ \
 \\/  ___)| |_)| | | | | || (_| |  ) ) ) )
  '  |____| .__|_| |_|_| |_\__, | / / / /
 =========|_|==============|___/=/_/_/_/

[32m :: Spring Boot :: [39m              [2m (v3.5.4)[0;39m

[2m2025-07-26T23:59:15.381+09:00[0;39m [32m INFO[0;39m [35m71314[0;39m [2m--- [practice] [           main] [0;39m[36mcom.uthon.cocotomo.PracticeApplication  [0;39m [2m:[0;39m Starting PracticeApplication using Java 21.0.7 with PID 71314 (/Users/mingyupark/Desktop/Dev/practice/build/classes/java/main started by mingyupark in /Users/mingyupark/Desktop/Dev/practice)
[2m2025-07-26T23:59:15.383+09:00[0;39m [32m INFO[0;39m [35m71314[0;39m [2m--- [practice] [           main] [0;39m[36mcom.uthon.cocotomo.PracticeApplication  [0;39m [2m:[0;39m No active profile set, falling back to 1 default profile: "default"
[2m2025-07-26T23:59:16.094+09:00[0;39m [32m INFO[0;39m [35m71314[0;39m [2m--- [practice] [           main] [0;39m[36m.s.d.r.c.RepositoryConfigurationDelegate[0;39m [2m:[0;39m Multiple Spring Data modules found, entering strict repository configuration mode
[2m2025-07-26T23:59:16.095+09:00[0;39m [32m INFO[0;39m [35m71314[0;39m [2m--- [practice] [           main] [0;39m[36m.s.d.r.c.RepositoryConfigurationDelegate[0;39m [2m:[0;39m Bootstrapping Spring Data JDBC repositories in DEFAULT mode.
[2m2025-07-26T23:59:16.118+09:00[0;39m [32m INFO[0;39m [35m71314[0;39m [2m--- [practice] [           main] [0;39m[36m.RepositoryConfigurationExtensionSupport[0;39m [2m:[0;39m Spring Data JDBC - Could not safely identify store assignment for repository candidate interface com.uthon.cocotomo.repository.ChatSessionRepository; If you want this repository to be a JDBC repository, consider annotating your entities with one of these annotations: org.springframework.data.relational.core.mapping.Table.
[2m2025-07-26T23:59:16.120+09:00[0;39m [32m INFO[0;39m [35m71314[0;39m [2m--- [practice] [           main] [0;39m[36m.RepositoryConfigurationExtensionSupport[0;39m [2m:[0;39m Spring Data JDBC - Could not safely identify store assignment for repository candidate interface com.uthon.cocotomo.repository.UserRepository; If you want this repository to be a JDBC repository, consider annotating your entities with one of these annotations: org.springframework.data.relational.core.mapping.Table.
[2m2025-07-26T23:59:16.120+09:00[0;39m [32m INFO[0;39m [35m71314[0;39m [2m--- [practice] [           main] [0;39m[36m.s.d.r.c.RepositoryConfigurationDelegate[0;39m [2m:[0;39m Finished Spring Data repository scanning in 21 ms. Found 0 JDBC repository interfaces.
[2m2025-07-26T23:59:16.128+09:00[0;39m [32m INFO[0;39m [35m71314[0;39m [2m--- [practice] [           main] [0;39m[36m.s.d.r.c.RepositoryConfigurationDelegate[0;39m [2m:[0;39m Multiple Spring Data modules found, entering strict repository configuration mode
[2m2025-07-26T23:59:16.128+09:00[0;39m [32m INFO[0;39m [35m71314[0;39m [2m--- [practice] [           main] [0;39m[36m.s.d.r.c.RepositoryConfigurationDelegate[0;39m [2m:[0;39m Bootstrapping Spring Data JPA repositories in DEFAULT mode.
[2m2025-07-26T23:59:16.211+09:00[0;39m [32m INFO[0;39m [35m71314[0;39m [2m--- [practice] [           main] [0;39m[36m.s.d.r.c.RepositoryConfigurationDelegate[0;39m [2m:[0;39m Finished Spring Data repository scanning in 79 ms. Found 2 JPA repository interfaces.
[2m2025-07-26T23:59:16.221+09:00[0;39m [32m INFO[0;39m [35m71314[0;39m [2m--- [practice] [           main] [0;39m[36m.s.d.r.c.RepositoryConfigurationDelegate[0;39m [2m:[0;39m Multiple Spring Data modules found, entering strict repository configuration mode
[2m2025-07-26T23:59:16.222+09:00[0;39m [32m INFO[0;39m [35m71314[0;39m [2m--- [practice] [           main] [0;39m[36m.s.d.r.c.RepositoryConfigurationDelegate[0;39m [2m:[0;39m Bootstrapping Spring Data Redis repositories in DEFAULT mode.
[2m2025-07-26T23:59:16.231+09:00[0;39m [32m INFO[0;39m [35m71314[0;39m [2m--- [practice] [           main] [0;39m[36m.RepositoryConfigurationExtensionSupport[0;39m [2m:[0;39m Spring Data Redis - Could not safely identify store assignment for repository candidate interface com.uthon.cocotomo.repository.ChatSessionRepository; If you want this repository to be a Redis repository, consider annotating your entities with one of these annotations: org.springframework.data.redis.core.RedisHash (preferred), or consider extending one of the following types with your repository: org.springframework.data.keyvalue.repository.KeyValueRepository
[2m2025-07-26T23:59:16.232+09:00[0;39m [32m INFO[0;39m [35m71314[0;39m [2m--- [practice] [           main] [0;39m[36m.RepositoryConfigurationExtensionSupport[0;39m [2m:[0;39m Spring Data Redis - Could not safely identify store assignment for repository candidate interface com.uthon.cocotomo.repository.UserRepository; If you want this repository to be a Redis repository, consider annotating your entities with one of these annotations: org.springframework.data.redis.core.RedisHash (preferred), or consider extending one of the following types with your repository: org.springframework.data.keyvalue.repository.KeyValueRepository
[2m2025-07-26T23:59:16.232+09:00[0;39m [32m INFO[0;39m [35m71314[0;39m [2m--- [practice] [           main] [0;39m[36m.s.d.r.c.RepositoryConfigurationDelegate[0;39m [2m:[0;39m Finished Spring Data repository scanning in 4 ms. Found 0 Redis repository interfaces.
[2m2025-07-26T23:59:16.570+09:00[0;39m [32m INFO[0;39m [35m71314[0;39m [2m--- [practice] [           main] [0;39m[36mo.s.b.w.embedded.tomcat.TomcatWebServer [0;39m [2m:[0;39m Tomcat initialized with port 8080 (http)
[2m2025-07-26T23:59:16.581+09:00[0;39m [32m INFO[0;39m [35m71314[0;39m [2m--- [practice] [           main] [0;39m[36mo.apache.catalina.core.StandardService  [0;39m [2m:[0;39m Starting service [Tomcat]
[2m2025-07-26T23:59:16.581+09:00[0;39m [32m INFO[0;39m [35m71314[0;39m [2m--- [practice] [           main] [0;39m[36mo.apache.catalina.core.StandardEngine   [0;39m [2m:[0;39m Starting Servlet engine: [Apache Tomcat/10.1.43]
[2m2025-07-26T23:59:16.629+09:00[0;39m [32m INFO[0;39m [35m71314[0;39m [2m--- [practice] [           main] [0;39m[36mo.a.c.c.C.[Tomcat].[localhost].[/]      [0;39m [2m:[0;39m Initializing Spring embedded WebApplicationContext
[2m2025-07-26T23:59:16.630+09:00[0;39m [32m INFO[0;39m [35m71314[0;39m [2m--- [practice] [           main] [0;39m[36mw.s.c.ServletWebServerApplicationContext[0;39m [2m:[0;39m Root WebApplicationContext: initialization completed in 1094 ms
[2m2025-07-26T23:59:16.722+09:00[0;39m [32m INFO[0;39m [35m71314[0;39m [2m--- [practice] [           main] [0;39m[36mo.hibernate.jpa.internal.util.LogHelper [0;39m [2m:[0;39m HHH000204: Processing PersistenceUnitInfo [name: default]
[2m2025-07-26T23:59:16.755+09:00[0;39m [32m INFO[0;39m [35m71314[0;39m [2m--- [practice] [           main] [0;39m[36morg.hibernate.Version                   [0;39m [2m:[0;39m HHH000412: Hibernate ORM core version 6.6.22.Final
[2m2025-07-26T23:59:16.774+09:00[0;39m [32m INFO[0;39m [35m71314[0;39m [2m--- [practice] [           main] [0;39m[36mo.h.c.internal.RegionFactoryInitiator   [0;39m [2m:[0;39m HHH000026: Second-level cache disabled
[2m2025-07-26T23:59:16.951+09:00[0;39m [32m INFO[0;39m [35m71314[0;39m [2m--- [practice] [           main] [0;39m[36mo.s.o.j.p.SpringPersistenceUnitInfo     [0;39m [2m:[0;39m No LoadTimeWeaver setup: ignoring JPA class transformer
[2m2025-07-26T23:59:16.969+09:00[0;39m [32m INFO[0;39m [35m71314[0;39m [2m--- [practice] [           main] [0;39m[36mcom.zaxxer.hikari.HikariDataSource      [0;39m [2m:[0;39m HikariPool-1 - Starting...
[2m2025-07-26T23:59:17.100+09:00[0;39m [32m INFO[0;39m [35m71314[0;39m [2m--- [practice] [           main] [0;39m[36mcom.zaxxer.hikari.pool.HikariPool       [0;39m [2m:[0;39m HikariPool-1 - Added connection com.mysql.cj.jdbc.ConnectionImpl@177068db
[2m2025-07-26T23:59:17.101+09:00[0;39m [32m INFO[0;39m [35m71314[0;39m [2m--- [practice] [           main] [0;39m[36mcom.zaxxer.hikari.HikariDataSource      [0;39m [2m:[0;39m HikariPool-1 - Start completed.
[2m2025-07-26T23:59:17.133+09:00[0;39m [33m WARN[0;39m [35m71314[0;39m [2m--- [practice] [           main] [0;39m[36morg.hibernate.orm.deprecation           [0;39m [2m:[0;39m HHH90000025: MySQLDialect does not need to be specified explicitly using 'hibernate.dialect' (remove the property setting and it will be selected by default)
[2m2025-07-26T23:59:17.143+09:00[0;39m [32m INFO[0;39m [35m71314[0;39m [2m--- [practice] [           main] [0;39m[36morg.hibernate.orm.connections.pooling   [0;39m [2m:[0;39m HHH10001005: Database info:
	Database JDBC URL [Connecting through datasource 'HikariDataSource (HikariPool-1)']
	Database driver: undefined/unknown
	Database version: 8.0.43
	Autocommit mode: undefined/unknown
	Isolation level: undefined/unknown
	Minimum pool size: undefined/unknown
	Maximum pool size: undefined/unknown
[2m2025-07-26T23:59:17.665+09:00[0;39m [32m INFO[0;39m [35m71314[0;39m [2m--- [practice] [           main] [0;39m[36mo.h.e.t.j.p.i.JtaPlatformInitiator      [0;39m [2m:[0;39m HHH000489: No JTA platform available (set 'hibernate.transaction.jta.platform' to enable JTA platform integration)
[2m2025-07-26T23:59:17.736+09:00[0;39m [32m INFO[0;39m [35m71314[0;39m [2m--- [practice] [           main] [0;39m[36mj.LocalContainerEntityManagerFactoryBean[0;39m [2m:[0;39m Initialized JPA EntityManagerFactory for persistence unit 'default'
[2m2025-07-26T23:59:17.959+09:00[0;39m [32m INFO[0;39m [35m71314[0;39m [2m--- [practice] [           main] [0;39m[36meAuthenticationProviderManagerConfigurer[0;39m [2m:[0;39m Global AuthenticationManager configured with AuthenticationProvider bean with name authenticationProvider
[2m2025-07-26T23:59:17.959+09:00[0;39m [33m WARN[0;39m [35m71314[0;39m [2m--- [practice] [           main] [0;39m[36mr$InitializeUserDetailsManagerConfigurer[0;39m [2m:[0;39m Global AuthenticationManager configured with an AuthenticationProvider bean. UserDetailsService beans will not be used by Spring Security for automatically configuring username/password login. Consider removing the AuthenticationProvider bean. Alternatively, consider using the UserDetailsService in a manually instantiated DaoAuthenticationProvider. If the current configuration is intentional, to turn off this warning, increase the logging level of 'org.springframework.security.config.annotation.authentication.configuration.InitializeUserDetailsBeanManagerConfigurer' to ERROR
[2m2025-07-26T23:59:18.277+09:00[0;39m [33m WARN[0;39m [35m71314[0;39m [2m--- [practice] [           main] [0;39m[36mJpaBaseConfiguration$JpaWebConfiguration[0;39m [2m:[0;39m spring.jpa.open-in-view is enabled by default. Therefore, database queries may be performed during view rendering. Explicitly configure spring.jpa.open-in-view to disable this warning
[2m2025-07-26T23:59:18.446+09:00[0;39m [32m INFO[0;39m [35m71314[0;39m [2m--- [practice] [           main] [0;39m[36mo.s.v.b.OptionalValidatorFactoryBean    [0;39m [2m:[0;39m Failed to set up a Bean Validation provider: jakarta.validation.NoProviderFoundException: Unable to create a Configuration, because no Jakarta Bean Validation provider could be found. Add a provider like Hibernate Validator (RI) to your classpath.
[2m2025-07-26T23:59:18.710+09:00[0;39m [33m WARN[0;39m [35m71314[0;39m [2m--- [practice] [           main] [0;39m[36mConfigServletWebServerApplicationContext[0;39m [2m:[0;39m Exception encountered during context initialization - cancelling refresh attempt: org.springframework.context.ApplicationContextException: Failed to start bean 'webServerStartStop'
[2m2025-07-26T23:59:18.716+09:00[0;39m [32m INFO[0;39m [35m71314[0;39m [2m--- [practice] [           main] [0;39m[36mj.LocalContainerEntityManagerFactoryBean[0;39m [2m:[0;39m Closing JPA EntityManagerFactory for persistence unit 'default'
[2m2025-07-26T23:59:18.717+09:00[0;39m [32m INFO[0;39m [35m71314[0;39m [2m--- [practice] [           main] [0;39m[36mcom.zaxxer.hikari.HikariDataSource      [0;39m [2m:[0;39m HikariPool-1 - Shutdown initiated...
[2m2025-07-26T23:59:18.721+09:00[0;39m [32m INFO[0;39m [35m71314[0;39m [2m--- [practice] [           main] [0;39m[36mcom.zaxxer.hikari.HikariDataSource      [0;39m [2m:[0;39m HikariPool-1 - Shutdown completed.
[2m2025-07-26T23:59:18.733+09:00[0;39m [32m INFO[0;39m [35m71314[0;39m [2m--- [practice] [           main] [0;39m[36m.s.b.a.l.ConditionEvaluationReportLogger[0;39m [2m:[0;39m 

Error starting ApplicationContext. To display the condition evaluation report re-run your application with 'debug' enabled.
[2m2025-07-26T23:59:18.742+09:00[0;39m [31mERROR[0;39m [35m71314[0;39m [2m--- [practice] [           main] [0;39m[36mo.s.b.d.LoggingFailureAnalysisReporter  [0;39m [2m:[0;39m 

***************************
APPLICATION FAILED TO START
***************************

Description:

Web server failed to start. Port 8080 was already in use.

Action:

Identify and stop the process that's listening on port 8080 or configure this application to listen on another port.


> Task :bootRun FAILED

[Incubating] Problems report is available at: file:///Users/mingyupark/Desktop/Dev/practice/build/reports/problems/problems-report.html

FAILURE: Build failed with an exception.

* What went wrong:
Execution failed for task ':bootRun'.
> Process 'command '/Users/mingyupark/Library/Java/JavaVirtualMachines/temurin-21.0.7/Contents/Home/bin/java'' finished with non-zero exit value 1

* Try:
> Run with --stacktrace option to get the stack trace.
> Run with --info or --debug option to get more log output.
> Run with --scan to get full insights.
> Get more help at https://help.gradle.org.

Deprecated Gradle features were used in this build, making it incompatible with Gradle 9.0.

You can use '--warning-mode all' to show the individual deprecation warnings and determine if they come from your own scripts or plugins.

For more on this, please refer to https://docs.gradle.org/8.14.3/userguide/command_line_interface.html#sec:command_line_warnings in the Gradle documentation.

BUILD FAILED in 6s
4 actionable tasks: 3 executed, 1 up-to-date
